1758582563: mosquitto version 2.0.22 starting
1758582563: Config loaded from /mosquitto/config/mosquitto.conf.
1758582563: Error: Unable to open pwfile "/mosquitto/config/passwd".
1758582563: Error opening password file "/mosquitto/config/passwd".
1758582564: mosquitto version 2.0.22 starting
1758582564: Config loaded from /mosquitto/config/mosquitto.conf.
1758582564: Error: Unable to open pwfile "/mosquitto/config/passwd".
1758582564: Error opening password file "/mosquitto/config/passwd".
1758582565: mosquitto version 2.0.22 starting
1758582565: Config loaded from /mosquitto/config/mosquitto.conf.
1758582565: Error: Unable to open pwfile "/mosquitto/config/passwd".
1758582565: Error opening password file "/mosquitto/config/passwd".
1758582566: mosquitto version 2.0.22 starting
1758582566: Config loaded from /mosquitto/config/mosquitto.conf.
1758582566: Error: Unable to open pwfile "/mosquitto/config/passwd".
1758582566: Error opening password file "/mosquitto/config/passwd".
1758582567: mosquitto version 2.0.22 starting
1758582567: Config loaded from /mosquitto/config/mosquitto.conf.
1758582567: Error: Unable to open pwfile "/mosquitto/config/passwd".
1758582567: Error opening password file "/mosquitto/config/passwd".
1758582569: mosquitto version 2.0.22 starting
1758582569: Config loaded from /mosquitto/config/mosquitto.conf.
1758582569: Error: Unable to open pwfile "/mosquitto/config/passwd".
1758582569: Error opening password file "/mosquitto/config/passwd".
1758582572: mosquitto version 2.0.22 starting
1758582572: Config loaded from /mosquitto/config/mosquitto.conf.
1758582572: Error: Unable to open pwfile "/mosquitto/config/passwd".
1758582572: Error opening password file "/mosquitto/config/passwd".
1758582579: mosquitto version 2.0.22 starting
1758582579: Config loaded from /mosquitto/config/mosquitto.conf.
1758582579: Error: Unable to open pwfile "/mosquitto/config/passwd".
1758582579: Error opening password file "/mosquitto/config/passwd".
1758582592: mosquitto version 2.0.22 starting
1758582592: Config loaded from /mosquitto/config/mosquitto.conf.
1758582592: Error: Unable to open pwfile "/mosquitto/config/passwd".
1758582592: Error opening password file "/mosquitto/config/passwd".
1758582618: mosquitto version 2.0.22 starting
1758582618: Config loaded from /mosquitto/config/mosquitto.conf.
1758582618: Error: Unable to open pwfile "/mosquitto/config/passwd".
1758582618: Error opening password file "/mosquitto/config/passwd".
1758582636: mosquitto version 2.0.22 starting
1758582636: Config loaded from /mosquitto/config/mosquitto.conf.
1758582636: Error: Unable to open pwfile "/mosquitto/config/passwd".
1758582636: Error opening password file "/mosquitto/config/passwd".
1758582636: mosquitto version 2.0.22 starting
1758582636: Config loaded from /mosquitto/config/mosquitto.conf.
1758582636: Error: Unable to open pwfile "/mosquitto/config/passwd".
1758582636: Error opening password file "/mosquitto/config/passwd".
1758582637: mosquitto version 2.0.22 starting
1758582637: Config loaded from /mosquitto/config/mosquitto.conf.
1758582637: Error: Unable to open pwfile "/mosquitto/config/passwd".
1758582637: Error opening password file "/mosquitto/config/passwd".
1758582638: mosquitto version 2.0.22 starting
1758582638: Config loaded from /mosquitto/config/mosquitto.conf.
1758582638: Error: Unable to open pwfile "/mosquitto/config/passwd".
1758582638: Error opening password file "/mosquitto/config/passwd".
1758582639: mosquitto version 2.0.22 starting
1758582639: Config loaded from /mosquitto/config/mosquitto.conf.
1758582639: Error: Unable to open pwfile "/mosquitto/config/passwd".
1758582639: Error opening password file "/mosquitto/config/passwd".
1758582641: mosquitto version 2.0.22 starting
1758582641: Config loaded from /mosquitto/config/mosquitto.conf.
1758582641: Error: Unable to open pwfile "/mosquitto/config/passwd".
1758582641: Error opening password file "/mosquitto/config/passwd".
1758582644: mosquitto version 2.0.22 starting
1758582644: Config loaded from /mosquitto/config/mosquitto.conf.
1758582644: Error: Unable to open pwfile "/mosquitto/config/passwd".
1758582644: Error opening password file "/mosquitto/config/passwd".
1758582651: mosquitto version 2.0.22 starting
1758582651: Config loaded from /mosquitto/config/mosquitto.conf.
1758582651: Error: Unable to open pwfile "/mosquitto/config/passwd".
1758582651: Error opening password file "/mosquitto/config/passwd".
1758582664: mosquitto version 2.0.22 starting
1758582664: Config loaded from /mosquitto/config/mosquitto.conf.
1758582664: Error: Unable to open pwfile "/mosquitto/config/passwd".
1758582664: Error opening password file "/mosquitto/config/passwd".
1758582694: mosquitto version 2.0.22 starting
1758582694: Config loaded from /mosquitto/config/mosquitto.conf.
1758582694: Error: Unable to open pwfile "/mosquitto/config/passwd".
1758582694: Error opening password file "/mosquitto/config/passwd".
1758582695: mosquitto version 2.0.22 starting
1758582695: Config loaded from /mosquitto/config/mosquitto.conf.
1758582695: Error: Unable to open pwfile "/mosquitto/config/passwd".
1758582695: Error opening password file "/mosquitto/config/passwd".
1758582696: mosquitto version 2.0.22 starting
1758582696: Config loaded from /mosquitto/config/mosquitto.conf.
1758582696: Error: Unable to open pwfile "/mosquitto/config/passwd".
1758582696: Error opening password file "/mosquitto/config/passwd".
1758582696: mosquitto version 2.0.22 starting
1758582696: Config loaded from /mosquitto/config/mosquitto.conf.
1758582696: Error: Unable to open pwfile "/mosquitto/config/passwd".
1758582696: Error opening password file "/mosquitto/config/passwd".
1758582697: mosquitto version 2.0.22 starting
1758582697: Config loaded from /mosquitto/config/mosquitto.conf.
1758582697: Error: Unable to open pwfile "/mosquitto/config/passwd".
1758582697: Error opening password file "/mosquitto/config/passwd".
1758582699: mosquitto version 2.0.22 starting
1758582699: Config loaded from /mosquitto/config/mosquitto.conf.
1758582699: Error: Unable to open pwfile "/mosquitto/config/passwd".
1758582699: Error opening password file "/mosquitto/config/passwd".
1758582703: mosquitto version 2.0.22 starting
1758582703: Config loaded from /mosquitto/config/mosquitto.conf.
1758582703: Error: Unable to open pwfile "/mosquitto/config/passwd".
1758582703: Error opening password file "/mosquitto/config/passwd".
1758582709: mosquitto version 2.0.22 starting
1758582709: Config loaded from /mosquitto/config/mosquitto.conf.
1758582709: Error: Unable to open pwfile "/mosquitto/config/passwd".
1758582709: Error opening password file "/mosquitto/config/passwd".
1758582723: mosquitto version 2.0.22 starting
1758582723: Config loaded from /mosquitto/config/mosquitto.conf.
1758582723: Error: Unable to open pwfile "/mosquitto/config/passwd".
1758582723: Error opening password file "/mosquitto/config/passwd".
1758582748: mosquitto version 2.0.22 starting
1758582748: Config loaded from /mosquitto/config/mosquitto.conf.
1758582748: Error: Unable to open pwfile "/mosquitto/config/passwd".
1758582748: Error opening password file "/mosquitto/config/passwd".
1758582800: mosquitto version 2.0.22 starting
1758582800: Config loaded from /mosquitto/config/mosquitto.conf.
1758582800: Error: Unable to open pwfile "/mosquitto/config/passwd".
1758582800: Error opening password file "/mosquitto/config/passwd".
1758582860: mosquitto version 2.0.22 starting
1758582860: Config loaded from /mosquitto/config/mosquitto.conf.
1758582860: Warning: File /mosquitto/config/passwd has world readable permissions. Future versions will refuse to load this file.
To fix this, use `chmod 0700 /mosquitto/config/passwd`.
1758582860: Opening ipv4 listen socket on port 1883.
1758582860: Opening websockets listen socket on port 9001.
1758582860: mosquitto version 2.0.22 running
1758582861: Client esp32-002-web-mfvo4vj6-d52389 closed its connection.
1758582864: Client esp32-002-web-mfvo4vj6-d52389 closed its connection.
1758582866: Client esp32-002-web-mfvo4vj6-d52389 closed its connection.
1758582867: Client esp32-002-web-mfvo4vj6-d52389 closed its connection.
1758582869: Client esp32-002-web-mfvo4vj6-d52389 closed its connection.
1758582871: Client esp32-002-web-mfvo4vj6-d52389 closed its connection.
1758582873: Client esp32-002-web-mfvo4vj6-d52389 closed its connection.
1758582875: Client esp32-002-web-mfvo4vj6-d52389 closed its connection.
1758582877: Client esp32-002-web-mfvo4vj6-d52389 closed its connection.
1758582879: Client esp32-002-web-mfvo4vj6-d52389 closed its connection.
1758582881: Client esp32-002-web-mfvo4vj6-d52389 closed its connection.
1758582883: Client esp32-002-web-mfvo4vj6-d52389 closed its connection.
1758582885: Client esp32-002-web-mfvo4vj6-d52389 closed its connection.
1758582887: Client esp32-002-web-mfvo4vj6-d52389 closed its connection.
1758582889: Client esp32-002-web-mfvo4vj6-d52389 closed its connection.
1758582891: Client esp32-002-web-mfvo4vj6-d52389 closed its connection.
1758582893: Client esp32-002-web-mfvo4vj6-d52389 closed its connection.
1758582895: Client esp32-002-web-mfvo4vj6-d52389 closed its connection.
1758582897: Client esp32-002-web-mfvo4vj6-d52389 closed its connection.
1758582899: Client esp32-002-web-mfvo4vj6-d52389 closed its connection.
1758582901: Client esp32-002-web-mfvo4vj6-d52389 closed its connection.
1758582904: Client esp32-002-web-mfvo4vj6-d52389 closed its connection.
1758582905: Client esp32-002-web-mfvo4vj6-d52389 closed its connection.
1758582907: Client esp32-002-web-mfvo4vj6-d52389 closed its connection.
1758582909: Client esp32-002-web-mfvo4vj6-d52389 closed its connection.
1758582911: Client esp32-002-web-mfvo4vj6-d52389 closed its connection.
1758582913: Client esp32-002-web-mfvo4vj6-d52389 closed its connection.
1758582915: Client esp32-002-web-mfvo4vj6-d52389 closed its connection.
1758582917: Client esp32-002-web-mfvo4vj6-d52389 closed its connection.
1758582919: Client esp32-002-web-mfvo4vj6-d52389 closed its connection.
1758582921: Client esp32-002-web-mfvo4vj6-d52389 closed its connection.
1758582923: Client esp32-002-web-mfvo4vj6-d52389 closed its connection.
1758582925: Client esp32-002-web-mfvo4vj6-d52389 closed its connection.
1758582927: Client esp32-002-web-mfvo4vj6-d52389 closed its connection.
1758582929: Client esp32-002-web-mfvo4vj6-d52389 closed its connection.
1758582931: Client esp32-002-web-mfvo4vj6-d52389 closed its connection.
1758582933: Client esp32-002-web-mfvo4vj6-d52389 closed its connection.
1758582935: Client esp32-002-web-mfvo4vj6-d52389 closed its connection.
1758582937: Client esp32-002-web-mfvo4vj6-d52389 closed its connection.
1758582939: Client esp32-002-web-mfvo4vj6-d52389 closed its connection.
1758582941: Client esp32-002-web-mfvo4vj6-d52389 closed its connection.
1758582943: Client esp32-002-web-mfvo4vj6-d52389 closed its connection.
1758582945: Client esp32-002-web-mfvo4vj6-d52389 closed its connection.
1758582947: Client esp32-002-web-mfvo4vj6-d52389 closed its connection.
1758582949: Client esp32-002-web-mfvo4vj6-d52389 closed its connection.
1758582951: Client esp32-002-web-mfvo4vj6-d52389 closed its connection.
1758582953: Client esp32-002-web-mfvo4vj6-d52389 closed its connection.
1758582955: Client esp32-002-web-mfvo4vj6-d52389 closed its connection.
1758582957: Client esp32-002-web-mfvo4vj6-d52389 closed its connection.
1758582959: Client esp32-002-web-mfvo4vj6-d52389 closed its connection.
1758582961: Client esp32-002-web-mfvo4vj6-d52389 closed its connection.
1758582963: Client esp32-001-web-mfvnpy0a-57b61d closed its connection.
1758582963: Client esp32-002-web-mfvo4vj6-d52389 closed its connection.
1758582965: Client esp32-002-web-mfvo4vj6-d52389 closed its connection.
1758582967: Client esp32-002-web-mfvo4vj6-d52389 closed its connection.
1758582969: Client esp32-002-web-mfvo4vj6-d52389 closed its connection.
1758582971: Client esp32-002-web-mfvo4vj6-d52389 closed its connection.
1758582973: Client esp32-002-web-mfvo4vj6-d52389 closed its connection.
1758582975: Client esp32-002-web-mfvo4vj6-d52389 closed its connection.
1758582977: Client esp32-002-web-mfvo4vj6-d52389 closed its connection.
1758582979: Client esp32-002-web-mfvo4vj6-d52389 closed its connection.
1758582981: Client esp32-002-web-mfvo4vj6-d52389 closed its connection.
1758582983: Client esp32-002-web-mfvo4vj6-d52389 closed its connection.
1758582985: Client esp32-002-web-mfvo4vj6-d52389 closed its connection.
1758582987: Client esp32-002-web-mfvo4vj6-d52389 closed its connection.
1758582989: Client esp32-002-web-mfvo4vj6-d52389 closed its connection.
1758582991: Client esp32-002-web-mfvo4vj6-d52389 closed its connection.
1758582993: Client esp32-002-web-mfvo4vj6-d52389 closed its connection.
1758582995: Client esp32-002-web-mfvo4vj6-d52389 closed its connection.
1758582997: Client esp32-002-web-mfvo4vj6-d52389 closed its connection.
1758582999: Client esp32-002-web-mfvo4vj6-d52389 closed its connection.
1758583001: Client esp32-002-web-mfvo4vj6-d52389 closed its connection.
1758583003: Client esp32-002-web-mfvo4vj6-d52389 closed its connection.
1758583005: Client esp32-002-web-mfvo4vj6-d52389 closed its connection.
1758583007: Client esp32-002-web-mfvo4vj6-d52389 closed its connection.
1758583009: Client esp32-002-web-mfvo4vj6-d52389 closed its connection.
1758583011: Client esp32-002-web-mfvo4vj6-d52389 closed its connection.
1758583013: Client esp32-002-web-mfvo4vj6-d52389 closed its connection.
1758583015: Client esp32-002-web-mfvo4vj6-d52389 closed its connection.
1758583017: Client esp32-002-web-mfvo4vj6-d52389 closed its connection.
1758583019: Client esp32-002-web-mfvo4vj6-d52389 closed its connection.
1758583021: Client esp32-002-web-mfvo4vj6-d52389 closed its connection.
1758583024: Client esp32-002-web-mfvo4vj6-d52389 closed its connection.
1758583025: Client esp32-002-web-mfvo4vj6-d52389 closed its connection.
1758583027: Client esp32-002-web-mfvo4vj6-d52389 closed its connection.
1758583029: Client esp32-002-web-mfvo4vj6-d52389 closed its connection.
1758583031: Client esp32-002-web-mfvo4vj6-d52389 closed its connection.
1758583033: Client esp32-002-web-mfvo4vj6-d52389 closed its connection.
1758583035: Client esp32-002-web-mfvo4vj6-d52389 closed its connection.
1758583037: Client esp32-002-web-mfvo4vj6-d52389 closed its connection.
1758583039: Client esp32-002-web-mfvo4vj6-d52389 closed its connection.
1758583041: Client esp32-002-web-mfvo4vj6-d52389 closed its connection.
1758583043: Client esp32-002-web-mfvo4vj6-d52389 closed its connection.
1758583045: Client esp32-002-web-mfvo4vj6-d52389 closed its connection.
1758583047: Client esp32-002-web-mfvo4vj6-d52389 closed its connection.
1758583049: Client esp32-002-web-mfvo4vj6-d52389 closed its connection.
1758583051: Client esp32-002-web-mfvo4vj6-d52389 closed its connection.
1758583053: Client esp32-002-web-mfvo4vj6-d52389 closed its connection.
1758583055: Client esp32-002-web-mfvo4vj6-d52389 closed its connection.
1758583057: Client esp32-002-web-mfvo4vj6-d52389 closed its connection.
1758583059: Client esp32-002-web-mfvo4vj6-d52389 closed its connection.
1758583061: Client esp32-002-web-mfvo4vj6-d52389 closed its connection.
1758583063: Client esp32-002-web-mfvo4vj6-d52389 closed its connection.
1758583065: Client esp32-002-web-mfvo4vj6-d52389 closed its connection.
1758583067: Client esp32-002-web-mfvo4vj6-d52389 closed its connection.
1758583069: Client esp32-002-web-mfvo4vj6-d52389 closed its connection.
1758583071: Client esp32-002-web-mfvo4vj6-d52389 closed its connection.
1758583073: Client esp32-002-web-mfvo4vj6-d52389 closed its connection.
1758583075: Client esp32-002-web-mfvo4vj6-d52389 closed its connection.
1758583077: Client esp32-002-web-mfvo4vj6-d52389 closed its connection.
1758583079: Client esp32-002-web-mfvo4vj6-d52389 closed its connection.
1758583081: Client esp32-002-web-mfvo4vj6-d52389 closed its connection.
1758583083: Client esp32-001-web-mfvnpy0a-57b61d closed its connection.
1758583083: Client esp32-002-web-mfvo4vj6-d52389 closed its connection.
1758583085: Client esp32-002-web-mfvo4vj6-d52389 closed its connection.
1758583087: Client esp32-002-web-mfvo4vj6-d52389 closed its connection.
1758583089: Client esp32-002-web-mfvo4vj6-d52389 closed its connection.
1758583091: Client esp32-002-web-mfvo4vj6-d52389 closed its connection.
1758583093: Client esp32-002-web-mfvo4vj6-d52389 closed its connection.
1758583095: Client esp32-002-web-mfvo4vj6-d52389 closed its connection.
1758583097: Client esp32-002-web-mfvo4vj6-d52389 closed its connection.
1758583099: Client esp32-002-web-mfvo4vj6-d52389 closed its connection.
1758583101: Client esp32-002-web-mfvo4vj6-d52389 closed its connection.
1758583103: Client esp32-002-web-mfvo4vj6-d52389 closed its connection.
1758583105: Client esp32-002-web-mfvo4vj6-d52389 closed its connection.
1758583107: Client esp32-002-web-mfvo4vj6-d52389 closed its connection.
1758583109: Client esp32-002-web-mfvo4vj6-d52389 closed its connection.
1758583111: Client esp32-002-web-mfvo4vj6-d52389 closed its connection.
1758583113: Client esp32-002-web-mfvo4vj6-d52389 closed its connection.
1758583115: Client esp32-002-web-mfvo4vj6-d52389 closed its connection.
1758583117: Client esp32-002-web-mfvo4vj6-d52389 closed its connection.
1758583119: Client esp32-002-web-mfvo4vj6-d52389 closed its connection.
1758583121: Client esp32-002-web-mfvo4vj6-d52389 closed its connection.
1758583123: Client esp32-002-web-mfvo4vj6-d52389 closed its connection.
1758583125: Client esp32-002-web-mfvo4vj6-d52389 closed its connection.
1758583127: Client esp32-002-web-mfvo4vj6-d52389 closed its connection.
1758583129: Client esp32-002-web-mfvo4vj6-d52389 closed its connection.
1758583131: Client esp32-002-web-mfvo4vj6-d52389 closed its connection.
1758583133: Client esp32-002-web-mfvo4vj6-d52389 closed its connection.
1758583135: Client esp32-002-web-mfvo4vj6-d52389 closed its connection.
1758583137: Client esp32-002-web-mfvo4vj6-d52389 closed its connection.
1758583139: Client esp32-002-web-mfvo4vj6-d52389 closed its connection.
1758583141: Client esp32-002-web-mfvo4vj6-d52389 closed its connection.
1758583144: Client esp32-002-web-mfvo4vj6-d52389 closed its connection.
1758583145: Client esp32-002-web-mfvo4vj6-d52389 closed its connection.
1758583147: Client esp32-002-web-mfvo4vj6-d52389 closed its connection.
1758583149: Client esp32-002-web-mfvo4vj6-d52389 closed its connection.
1758583151: Client esp32-002-web-mfvo4vj6-d52389 closed its connection.
1758583153: Client esp32-002-web-mfvo4vj6-d52389 closed its connection.
1758583155: Client esp32-002-web-mfvo4vj6-d52389 closed its connection.
1758583157: Client esp32-002-web-mfvo4vj6-d52389 closed its connection.
1758583159: Client esp32-002-web-mfvo4vj6-d52389 closed its connection.
1758583161: Client esp32-002-web-mfvo4vj6-d52389 closed its connection.
1758583163: Client esp32-002-web-mfvo4vj6-d52389 closed its connection.
1758583165: Client esp32-002-web-mfvo4vj6-d52389 closed its connection.
1758583167: Client esp32-002-web-mfvo4vj6-d52389 closed its connection.
1758583169: Client esp32-002-web-mfvo4vj6-d52389 closed its connection.
1758583171: Client esp32-002-web-mfvo4vj6-d52389 closed its connection.
1758583173: Client esp32-002-web-mfvo4vj6-d52389 closed its connection.
1758583175: Client esp32-002-web-mfvo4vj6-d52389 closed its connection.
1758583177: Client esp32-002-web-mfvo4vj6-d52389 closed its connection.
1758583179: Client esp32-002-web-mfvo4vj6-d52389 closed its connection.
1758583181: Client esp32-002-web-mfvo4vj6-d52389 closed its connection.
1758583183: Client esp32-002-web-mfvo4vj6-d52389 closed its connection.
1758583185: Client esp32-002-web-mfvo4vj6-d52389 closed its connection.
1758583187: Client esp32-002-web-mfvo4vj6-d52389 closed its connection.
1758583189: Client esp32-002-web-mfvo4vj6-d52389 closed its connection.
1758583191: Client esp32-002-web-mfvo4vj6-d52389 closed its connection.
1758583193: Client esp32-002-web-mfvo4vj6-d52389 closed its connection.
1758583195: Client esp32-002-web-mfvo4vj6-d52389 closed its connection.
1758583197: Client esp32-002-web-mfvo4vj6-d52389 closed its connection.
1758583199: Client esp32-002-web-mfvo4vj6-d52389 closed its connection.
1758583201: Client esp32-002-web-mfvo4vj6-d52389 closed its connection.
1758583203: Client esp32-001-web-mfvnpy0a-57b61d closed its connection.
1758583203: Client esp32-002-web-mfvo4vj6-d52389 closed its connection.
1758583205: Client esp32-002-web-mfvo4vj6-d52389 closed its connection.
1758583207: Client esp32-002-web-mfvo4vj6-d52389 closed its connection.
1758583209: Client esp32-002-web-mfvo4vj6-d52389 closed its connection.
1758583211: Client esp32-002-web-mfvo4vj6-d52389 closed its connection.
1758583213: Client esp32-002-web-mfvo4vj6-d52389 closed its connection.
1758583215: Client esp32-002-web-mfvo4vj6-d52389 closed its connection.
1758583217: Client esp32-002-web-mfvo4vj6-d52389 closed its connection.
1758583219: Client esp32-002-web-mfvo4vj6-d52389 closed its connection.
1758583221: Client esp32-002-web-mfvo4vj6-d52389 closed its connection.
1758583223: Client esp32-002-web-mfvo4vj6-d52389 closed its connection.
1758583225: Client esp32-002-web-mfvo4vj6-d52389 closed its connection.
1758583227: Client esp32-002-web-mfvo4vj6-d52389 closed its connection.
1758583229: Client esp32-002-web-mfvo4vj6-d52389 closed its connection.
1758583231: Client esp32-002-web-mfvo4vj6-d52389 closed its connection.
1758583233: Client esp32-002-web-mfvo4vj6-d52389 closed its connection.
1758583235: Client esp32-002-web-mfvo4vj6-d52389 closed its connection.
1758583237: Client esp32-002-web-mfvo4vj6-d52389 closed its connection.
1758583239: Client esp32-002-web-mfvo4vj6-d52389 closed its connection.
1758583241: Client esp32-002-web-mfvo4vj6-d52389 closed its connection.
1758583243: Client esp32-002-web-mfvo4vj6-d52389 closed its connection.
1758583245: Client esp32-002-web-mfvo4vj6-d52389 closed its connection.
1758583247: Client esp32-002-web-mfvo4vj6-d52389 closed its connection.
1758583249: Client esp32-002-web-mfvo4vj6-d52389 closed its connection.
1758583251: Client esp32-002-web-mfvo4vj6-d52389 closed its connection.
1758583253: Client esp32-002-web-mfvo4vj6-d52389 closed its connection.
1758583255: Client esp32-002-web-mfvo4vj6-d52389 closed its connection.
1758583257: Client esp32-002-web-mfvo4vj6-d52389 closed its connection.
1758583259: Client esp32-002-web-mfvo4vj6-d52389 closed its connection.
1758583261: Client esp32-002-web-mfvo4vj6-d52389 closed its connection.
1758583264: Client esp32-002-web-mfvo4vj6-d52389 closed its connection.
1758583265: Client esp32-002-web-mfvo4vj6-d52389 closed its connection.
1758583267: Client esp32-002-web-mfvo4vj6-d52389 closed its connection.
1758583269: Client esp32-002-web-mfvo4vj6-d52389 closed its connection.
1758583271: Client esp32-002-web-mfvo4vj6-d52389 closed its connection.
1758583273: Client esp32-002-web-mfvo4vj6-d52389 closed its connection.
1758583275: Client esp32-002-web-mfvo4vj6-d52389 closed its connection.
1758583277: Client esp32-002-web-mfvo4vj6-d52389 closed its connection.
1758583279: Client esp32-002-web-mfvo4vj6-d52389 closed its connection.
1758583281: Client esp32-002-web-mfvo4vj6-d52389 closed its connection.
1758583283: Client esp32-002-web-mfvo4vj6-d52389 closed its connection.
1758583285: Client esp32-002-web-mfvo4vj6-d52389 closed its connection.
1758583287: Client esp32-002-web-mfvo4vj6-d52389 closed its connection.
1758583289: Client esp32-002-web-mfvo4vj6-d52389 closed its connection.
1758583291: Client esp32-002-web-mfvo4vj6-d52389 closed its connection.
1758583293: Client esp32-002-web-mfvo4vj6-d52389 closed its connection.
1758583295: Client esp32-002-web-mfvo4vj6-d52389 closed its connection.
1758583297: Client esp32-002-web-mfvo4vj6-d52389 closed its connection.
1758583299: Client esp32-002-web-mfvo4vj6-d52389 closed its connection.
1758583301: Client esp32-002-web-mfvo4vj6-d52389 closed its connection.
1758583303: Client esp32-002-web-mfvo4vj6-d52389 closed its connection.
1758583305: Client esp32-002-web-mfvo4vj6-d52389 closed its connection.
1758583307: Client esp32-002-web-mfvo4vj6-d52389 closed its connection.
1758583309: Client esp32-002-web-mfvo4vj6-d52389 closed its connection.
1758583311: Client esp32-002-web-mfvo4vj6-d52389 closed its connection.
1758583313: Client esp32-002-web-mfvo4vj6-d52389 closed its connection.
1758583315: Client esp32-002-web-mfvo4vj6-d52389 closed its connection.
1758583317: Client esp32-002-web-mfvo4vj6-d52389 closed its connection.
1758583319: Client esp32-002-web-mfvo4vj6-d52389 closed its connection.
1758583321: Client esp32-002-web-mfvo4vj6-d52389 closed its connection.
1758583323: Client esp32-001-web-mfvnpy0a-57b61d closed its connection.
1758583323: Client esp32-002-web-mfvo4vj6-d52389 closed its connection.
1758583325: Client esp32-002-web-mfvo4vj6-d52389 closed its connection.
1758583327: Client esp32-002-web-mfvo4vj6-d52389 closed its connection.
1758583329: Client esp32-002-web-mfvo4vj6-d52389 closed its connection.
1758583331: Client esp32-002-web-mfvo4vj6-d52389 closed its connection.
1758583333: Client esp32-002-web-mfvo4vj6-d52389 closed its connection.
1758583335: Client esp32-002-web-mfvo4vj6-d52389 closed its connection.
1758583337: Client esp32-002-web-mfvo4vj6-d52389 closed its connection.
1758583339: Client esp32-002-web-mfvo4vj6-d52389 closed its connection.
1758583341: Client esp32-002-web-mfvo4vj6-d52389 closed its connection.
1758583343: Client esp32-002-web-mfvo4vj6-d52389 closed its connection.
1758583345: Client esp32-002-web-mfvo4vj6-d52389 closed its connection.
1758583347: Client esp32-002-web-mfvo4vj6-d52389 closed its connection.
1758583349: Client esp32-002-web-mfvo4vj6-d52389 closed its connection.
1758583351: Client esp32-002-web-mfvo4vj6-d52389 closed its connection.
1758583353: Client esp32-002-web-mfvo4vj6-d52389 closed its connection.
1758583355: Client esp32-002-web-mfvo4vj6-d52389 closed its connection.
1758583357: Client esp32-002-web-mfvo4vj6-d52389 closed its connection.
1758583359: Client esp32-002-web-mfvo4vj6-d52389 closed its connection.
1758583361: Client esp32-002-web-mfvo4vj6-d52389 closed its connection.
1758583363: Client esp32-002-web-mfvo4vj6-d52389 closed its connection.
1758583365: Client esp32-002-web-mfvo4vj6-d52389 closed its connection.
1758583367: Client esp32-002-web-mfvo4vj6-d52389 closed its connection.
1758583369: Client esp32-002-web-mfvo4vj6-d52389 closed its connection.
1758583371: Client esp32-002-web-mfvo4vj6-d52389 closed its connection.
1758583373: Client esp32-002-web-mfvo4vj6-d52389 closed its connection.
1758583375: Client esp32-002-web-mfvo4vj6-d52389 closed its connection.
1758583377: Client esp32-002-web-mfvo4vj6-d52389 closed its connection.
1758583379: Client esp32-002-web-mfvo4vj6-d52389 closed its connection.
1758583381: Client esp32-002-web-mfvo4vj6-d52389 closed its connection.
1758583384: Client esp32-002-web-mfvo4vj6-d52389 closed its connection.
1758583385: Client esp32-002-web-mfvo4vj6-d52389 closed its connection.
1758583387: Client esp32-002-web-mfvo4vj6-d52389 closed its connection.
1758583389: Client esp32-002-web-mfvo4vj6-d52389 closed its connection.
1758583391: Client esp32-002-web-mfvo4vj6-d52389 closed its connection.
1758583393: Client esp32-002-web-mfvo4vj6-d52389 closed its connection.
1758583395: Client esp32-002-web-mfvo4vj6-d52389 closed its connection.
1758583397: Client esp32-002-web-mfvo4vj6-d52389 closed its connection.
1758583399: Client esp32-002-web-mfvo4vj6-d52389 closed its connection.
1758583401: Client esp32-002-web-mfvo4vj6-d52389 closed its connection.
1758583403: Client esp32-002-web-mfvo4vj6-d52389 closed its connection.
1758583405: Client esp32-002-web-mfvo4vj6-d52389 closed its connection.
1758583407: Client esp32-002-web-mfvo4vj6-d52389 closed its connection.
1758583409: Client esp32-002-web-mfvo4vj6-d52389 closed its connection.
1758583411: Client esp32-002-web-mfvo4vj6-d52389 closed its connection.
1758583413: Client esp32-002-web-mfvo4vj6-d52389 closed its connection.
1758583415: Client esp32-002-web-mfvo4vj6-d52389 closed its connection.
1758583417: Client esp32-002-web-mfvo4vj6-d52389 closed its connection.
1758583419: Client esp32-002-web-mfvo4vj6-d52389 closed its connection.
1758583421: Client esp32-002-web-mfvo4vj6-d52389 closed its connection.
1758583423: Client esp32-002-web-mfvo4vj6-d52389 closed its connection.
1758583425: Client esp32-002-web-mfvo4vj6-d52389 closed its connection.
1758583427: Client esp32-002-web-mfvo4vj6-d52389 closed its connection.
1758583429: Client esp32-002-web-mfvo4vj6-d52389 closed its connection.
1758583431: Client esp32-002-web-mfvo4vj6-d52389 closed its connection.
1758583433: Client esp32-002-web-mfvo4vj6-d52389 closed its connection.
1758583435: Client esp32-002-web-mfvo4vj6-d52389 closed its connection.
1758583437: Client esp32-002-web-mfvo4vj6-d52389 closed its connection.
1758583439: Client esp32-002-web-mfvo4vj6-d52389 closed its connection.
1758583441: Client esp32-002-web-mfvo4vj6-d52389 closed its connection.
1758583443: Client esp32-001-web-mfvnpy0a-57b61d closed its connection.
1758583443: Client esp32-002-web-mfvo4vj6-d52389 closed its connection.
1758583445: Client esp32-002-web-mfvo4vj6-d52389 closed its connection.
1758583447: Client esp32-002-web-mfvo4vj6-d52389 closed its connection.
1758583449: Client esp32-002-web-mfvo4vj6-d52389 closed its connection.
1758583451: Client esp32-002-web-mfvo4vj6-d52389 closed its connection.
1758583453: Client esp32-002-web-mfvo4vj6-d52389 closed its connection.
1758583455: Client esp32-002-web-mfvo4vj6-d52389 closed its connection.
1758583457: Client esp32-002-web-mfvo4vj6-d52389 closed its connection.
1758583459: Client esp32-002-web-mfvo4vj6-d52389 closed its connection.
1758583461: Client esp32-002-web-mfvo4vj6-d52389 closed its connection.
1758583463: Client esp32-002-web-mfvo4vj6-d52389 closed its connection.
1758583465: Client esp32-002-web-mfvo4vj6-d52389 closed its connection.
1758583467: Client esp32-002-web-mfvo4vj6-d52389 closed its connection.
1758583469: Client esp32-002-web-mfvo4vj6-d52389 closed its connection.
1758583471: Client esp32-002-web-mfvo4vj6-d52389 closed its connection.
1758583473: Client esp32-002-web-mfvo4vj6-d52389 closed its connection.
1758583475: Client esp32-002-web-mfvo4vj6-d52389 closed its connection.
1758583477: Client esp32-002-web-mfvo4vj6-d52389 closed its connection.
1758583479: Client esp32-002-web-mfvo4vj6-d52389 closed its connection.
1758583481: Client esp32-002-web-mfvo4vj6-d52389 closed its connection.
1758583483: Client esp32-002-web-mfvo4vj6-d52389 closed its connection.
1758583485: Client esp32-002-web-mfvo4vj6-d52389 closed its connection.
1758583487: Client esp32-002-web-mfvo4vj6-d52389 closed its connection.
1758583489: Client esp32-002-web-mfvo4vj6-d52389 closed its connection.
1758583491: Client esp32-002-web-mfvo4vj6-d52389 closed its connection.
1758583493: Client esp32-002-web-mfvo4vj6-d52389 closed its connection.
1758583495: Client esp32-002-web-mfvo4vj6-d52389 closed its connection.
1758583497: Client esp32-002-web-mfvo4vj6-d52389 closed its connection.
1758583499: Client esp32-002-web-mfvo4vj6-d52389 closed its connection.
1758583501: Client esp32-002-web-mfvo4vj6-d52389 closed its connection.
1758583504: Client esp32-002-web-mfvo4vj6-d52389 closed its connection.
1758583505: Client esp32-002-web-mfvo4vj6-d52389 closed its connection.
1758583507: Client esp32-002-web-mfvo4vj6-d52389 closed its connection.
1758583509: Client esp32-002-web-mfvo4vj6-d52389 closed its connection.
1758583511: Client esp32-002-web-mfvo4vj6-d52389 closed its connection.
1758583513: Client esp32-002-web-mfvo4vj6-d52389 closed its connection.
1758583515: Client esp32-002-web-mfvo4vj6-d52389 closed its connection.
1758583517: Client esp32-002-web-mfvo4vj6-d52389 closed its connection.
1758583519: Client esp32-002-web-mfvo4vj6-d52389 closed its connection.
1758583521: Client esp32-002-web-mfvo4vj6-d52389 closed its connection.
1758583523: Client esp32-002-web-mfvo4vj6-d52389 closed its connection.
1758583525: Client esp32-002-web-mfvo4vj6-d52389 closed its connection.
1758583527: Client esp32-002-web-mfvo4vj6-d52389 closed its connection.
1758583529: Client esp32-002-web-mfvo4vj6-d52389 closed its connection.
1758583531: Client esp32-002-web-mfvo4vj6-d52389 closed its connection.
1758583533: Client esp32-002-web-mfvo4vj6-d52389 closed its connection.
1758583535: Client esp32-002-web-mfvo4vj6-d52389 closed its connection.
1758583537: Client esp32-002-web-mfvo4vj6-d52389 closed its connection.
1758583539: Client esp32-002-web-mfvo4vj6-d52389 closed its connection.
1758583541: Client esp32-002-web-mfvo4vj6-d52389 closed its connection.
1758583543: Client esp32-002-web-mfvo4vj6-d52389 closed its connection.
1758583545: Client esp32-002-web-mfvo4vj6-d52389 closed its connection.
1758583547: Client esp32-002-web-mfvo4vj6-d52389 closed its connection.
1758583549: Client esp32-002-web-mfvo4vj6-d52389 closed its connection.
1758583551: Client esp32-002-web-mfvo4vj6-d52389 closed its connection.
1758583553: Client esp32-002-web-mfvo4vj6-d52389 closed its connection.
1758583555: Client esp32-002-web-mfvo4vj6-d52389 closed its connection.
1758583557: Client esp32-002-web-mfvo4vj6-d52389 closed its connection.
1758583559: Client esp32-002-web-mfvo4vj6-d52389 closed its connection.
1758583561: Client esp32-002-web-mfvo4vj6-d52389 closed its connection.
1758583563: Client esp32-001-web-mfvnpy0a-57b61d closed its connection.
1758583563: Client esp32-002-web-mfvo4vj6-d52389 closed its connection.
1758583565: Client esp32-002-web-mfvo4vj6-d52389 closed its connection.
1758583567: Client esp32-002-web-mfvo4vj6-d52389 closed its connection.
1758583569: Client esp32-002-web-mfvo4vj6-d52389 closed its connection.
1758583571: Client esp32-002-web-mfvo4vj6-d52389 closed its connection.
1758583573: Client esp32-002-web-mfvo4vj6-d52389 closed its connection.
1758583575: Client esp32-002-web-mfvo4vj6-d52389 closed its connection.
1758583577: Client esp32-002-web-mfvo4vj6-d52389 closed its connection.
1758583579: Client esp32-002-web-mfvo4vj6-d52389 closed its connection.
1758583581: Client esp32-002-web-mfvo4vj6-d52389 closed its connection.
1758583583: Client esp32-002-web-mfvo4vj6-d52389 closed its connection.
1758583585: Client esp32-002-web-mfvo4vj6-d52389 closed its connection.
1758583587: Client esp32-002-web-mfvo4vj6-d52389 closed its connection.
1758583589: Client esp32-002-web-mfvo4vj6-d52389 closed its connection.
1758583591: Client esp32-002-web-mfvo4vj6-d52389 closed its connection.
1758583593: Client esp32-002-web-mfvo4vj6-d52389 closed its connection.
1758583595: Client esp32-002-web-mfvo4vj6-d52389 closed its connection.
1758583597: Client esp32-002-web-mfvo4vj6-d52389 closed its connection.
1758583599: Client esp32-002-web-mfvo4vj6-d52389 closed its connection.
1758583601: Client esp32-002-web-mfvo4vj6-d52389 closed its connection.
1758583603: Client esp32-002-web-mfvo4vj6-d52389 closed its connection.
1758583605: Client esp32-002-web-mfvo4vj6-d52389 closed its connection.
1758583607: Client esp32-002-web-mfvo4vj6-d52389 closed its connection.
1758583609: Client esp32-002-web-mfvo4vj6-d52389 closed its connection.
1758583611: Client esp32-002-web-mfvo4vj6-d52389 closed its connection.
1758583613: Client esp32-002-web-mfvo4vj6-d52389 closed its connection.
1758583615: Client esp32-002-web-mfvo4vj6-d52389 closed its connection.
1758583617: Client esp32-002-web-mfvo4vj6-d52389 closed its connection.
1758583619: Client esp32-002-web-mfvo4vj6-d52389 closed its connection.
1758583621: Client esp32-002-web-mfvo4vj6-d52389 closed its connection.
1758583624: Client esp32-002-web-mfvo4vj6-d52389 closed its connection.
1758583625: Client esp32-002-web-mfvo4vj6-d52389 closed its connection.
1758583627: Client esp32-002-web-mfvo4vj6-d52389 closed its connection.
1758583629: Client esp32-002-web-mfvo4vj6-d52389 closed its connection.
1758583631: Client esp32-002-web-mfvo4vj6-d52389 closed its connection.
1758583633: Client esp32-002-web-mfvo4vj6-d52389 closed its connection.
1758583635: Client esp32-002-web-mfvo4vj6-d52389 closed its connection.
1758583637: Client esp32-002-web-mfvo4vj6-d52389 closed its connection.
1758583639: Client esp32-002-web-mfvo4vj6-d52389 closed its connection.
1758583641: Client esp32-002-web-mfvo4vj6-d52389 closed its connection.
1758583643: Client esp32-002-web-mfvo4vj6-d52389 closed its connection.
1758583645: Client esp32-002-web-mfvo4vj6-d52389 closed its connection.
1758583647: Client esp32-002-web-mfvo4vj6-d52389 closed its connection.
1758583649: Client esp32-002-web-mfvo4vj6-d52389 closed its connection.
1758583651: Client esp32-002-web-mfvo4vj6-d52389 closed its connection.
1758583653: Client esp32-002-web-mfvo4vj6-d52389 closed its connection.
1758583655: Client esp32-002-web-mfvo4vj6-d52389 closed its connection.
1758583657: Client esp32-002-web-mfvo4vj6-d52389 closed its connection.
1758583659: Client esp32-002-web-mfvo4vj6-d52389 closed its connection.
1758583661: Client esp32-002-web-mfvo4vj6-d52389 closed its connection.
1758583663: Client esp32-002-web-mfvo4vj6-d52389 closed its connection.
1758583665: Client esp32-002-web-mfvo4vj6-d52389 closed its connection.
1758583667: Client esp32-002-web-mfvo4vj6-d52389 closed its connection.
1758583669: Client esp32-002-web-mfvo4vj6-d52389 closed its connection.
1758583671: Client esp32-002-web-mfvo4vj6-d52389 closed its connection.
1758583673: Client esp32-002-web-mfvo4vj6-d52389 closed its connection.
1758583675: Client esp32-002-web-mfvo4vj6-d52389 closed its connection.
1758583677: Client esp32-002-web-mfvo4vj6-d52389 closed its connection.
1758583679: Client esp32-002-web-mfvo4vj6-d52389 closed its connection.
1758583681: Client esp32-002-web-mfvo4vj6-d52389 closed its connection.
1758583683: Client esp32-001-web-mfvnpy0a-57b61d closed its connection.
1758583683: Client esp32-002-web-mfvo4vj6-d52389 closed its connection.
1758583685: Client esp32-002-web-mfvo4vj6-d52389 closed its connection.
1758583687: Client esp32-002-web-mfvo4vj6-d52389 closed its connection.
1758583689: Client esp32-002-web-mfvo4vj6-d52389 closed its connection.
1758583691: Client esp32-002-web-mfvo4vj6-d52389 closed its connection.
1758583693: Client esp32-002-web-mfvo4vj6-d52389 closed its connection.
1758583695: Client esp32-002-web-mfvo4vj6-d52389 closed its connection.
1758583697: Client esp32-002-web-mfvo4vj6-d52389 closed its connection.
1758583699: Client esp32-002-web-mfvo4vj6-d52389 closed its connection.
1758583701: Client esp32-002-web-mfvo4vj6-d52389 closed its connection.
1758583703: Client esp32-002-web-mfvo4vj6-d52389 closed its connection.
1758583705: Client esp32-002-web-mfvo4vj6-d52389 closed its connection.
1758583707: Client esp32-002-web-mfvo4vj6-d52389 closed its connection.
1758583709: Client esp32-002-web-mfvo4vj6-d52389 closed its connection.
1758583711: Client esp32-002-web-mfvo4vj6-d52389 closed its connection.
1758583713: Client esp32-002-web-mfvo4vj6-d52389 closed its connection.
1758583715: Client esp32-002-web-mfvo4vj6-d52389 closed its connection.
1758583717: Client esp32-002-web-mfvo4vj6-d52389 closed its connection.
1758583719: Client esp32-002-web-mfvo4vj6-d52389 closed its connection.
1758583721: Client esp32-002-web-mfvo4vj6-d52389 closed its connection.
1758583723: Client esp32-002-web-mfvo4vj6-d52389 closed its connection.
1758583725: Client esp32-002-web-mfvo4vj6-d52389 closed its connection.
1758583727: Client esp32-002-web-mfvo4vj6-d52389 closed its connection.
1758583729: Client esp32-002-web-mfvo4vj6-d52389 closed its connection.
1758583731: Client esp32-002-web-mfvo4vj6-d52389 closed its connection.
1758583733: Client esp32-002-web-mfvo4vj6-d52389 closed its connection.
1758583735: Client esp32-002-web-mfvo4vj6-d52389 closed its connection.
1758583737: Client esp32-002-web-mfvo4vj6-d52389 closed its connection.
1758583739: Client esp32-002-web-mfvo4vj6-d52389 closed its connection.
1758583741: Client esp32-002-web-mfvo4vj6-d52389 closed its connection.
1758583744: Client esp32-002-web-mfvo4vj6-d52389 closed its connection.
1758583745: Client esp32-002-web-mfvo4vj6-d52389 closed its connection.
1758583747: Client esp32-002-web-mfvo4vj6-d52389 closed its connection.
1758583749: Client esp32-002-web-mfvo4vj6-d52389 closed its connection.
1758583751: Client esp32-002-web-mfvo4vj6-d52389 closed its connection.
1758583753: Client esp32-002-web-mfvo4vj6-d52389 closed its connection.
1758583755: Client esp32-002-web-mfvo4vj6-d52389 closed its connection.
1758583757: Client esp32-002-web-mfvo4vj6-d52389 closed its connection.
1758583759: Client esp32-002-web-mfvo4vj6-d52389 closed its connection.
1758583761: Client esp32-002-web-mfvo4vj6-d52389 closed its connection.
1758583763: Client esp32-002-web-mfvo4vj6-d52389 closed its connection.
1758583765: Client esp32-002-web-mfvo4vj6-d52389 closed its connection.
1758583767: Client esp32-002-web-mfvo4vj6-d52389 closed its connection.
1758583769: Client esp32-002-web-mfvo4vj6-d52389 closed its connection.
1758583771: Client esp32-002-web-mfvo4vj6-d52389 closed its connection.
1758583773: Client esp32-002-web-mfvo4vj6-d52389 closed its connection.
1758583775: Client esp32-002-web-mfvo4vj6-d52389 closed its connection.
1758583777: Client esp32-002-web-mfvo4vj6-d52389 closed its connection.
1758583779: Client esp32-002-web-mfvo4vj6-d52389 closed its connection.
1758583781: Client esp32-002-web-mfvo4vj6-d52389 closed its connection.
1758583783: Client esp32-002-web-mfvo4vj6-d52389 closed its connection.
1758583785: Client esp32-002-web-mfvo4vj6-d52389 closed its connection.
1758583787: Client esp32-002-web-mfvo4vj6-d52389 closed its connection.
1758583789: Client esp32-002-web-mfvo4vj6-d52389 closed its connection.
1758583791: Client esp32-002-web-mfvo4vj6-d52389 closed its connection.
1758583793: Client esp32-002-web-mfvo4vj6-d52389 closed its connection.
1758583795: Client esp32-002-web-mfvo4vj6-d52389 closed its connection.
1758583797: Client esp32-002-web-mfvo4vj6-d52389 closed its connection.
1758583799: Client esp32-002-web-mfvo4vj6-d52389 closed its connection.
1758583801: Client esp32-002-web-mfvo4vj6-d52389 closed its connection.
1758583803: Client esp32-001-web-mfvnpy0a-57b61d closed its connection.
1758583803: Client esp32-002-web-mfvo4vj6-d52389 closed its connection.
1758583805: Client esp32-002-web-mfvo4vj6-d52389 closed its connection.
1758583807: Client esp32-002-web-mfvo4vj6-d52389 closed its connection.
1758583809: Client esp32-002-web-mfvo4vj6-d52389 closed its connection.
1758583811: Client esp32-002-web-mfvo4vj6-d52389 closed its connection.
1758583813: Client esp32-002-web-mfvo4vj6-d52389 closed its connection.
1758583815: Client esp32-002-web-mfvo4vj6-d52389 closed its connection.
1758583817: Client esp32-002-web-mfvo4vj6-d52389 closed its connection.
1758583819: Client esp32-002-web-mfvo4vj6-d52389 closed its connection.
1758583821: Client esp32-002-web-mfvo4vj6-d52389 closed its connection.
1758583823: Client esp32-002-web-mfvo4vj6-d52389 closed its connection.
1758583825: Client esp32-002-web-mfvo4vj6-d52389 closed its connection.
1758583827: Client esp32-002-web-mfvo4vj6-d52389 closed its connection.
1758583829: Client esp32-002-web-mfvo4vj6-d52389 closed its connection.
1758583831: Client esp32-002-web-mfvo4vj6-d52389 closed its connection.
1758583833: Client esp32-002-web-mfvo4vj6-d52389 closed its connection.
1758583835: Client esp32-002-web-mfvo4vj6-d52389 closed its connection.
1758583837: Client esp32-002-web-mfvo4vj6-d52389 closed its connection.
1758583839: Client esp32-002-web-mfvo4vj6-d52389 closed its connection.
1758583841: Client esp32-002-web-mfvo4vj6-d52389 closed its connection.
1758583843: Client esp32-002-web-mfvo4vj6-d52389 closed its connection.
1758583845: Client esp32-002-web-mfvo4vj6-d52389 closed its connection.
1758583847: Client esp32-002-web-mfvo4vj6-d52389 closed its connection.
1758583849: Client esp32-002-web-mfvo4vj6-d52389 closed its connection.
1758583851: Client esp32-002-web-mfvo4vj6-d52389 closed its connection.
1758583853: Client esp32-002-web-mfvo4vj6-d52389 closed its connection.
1758583855: Client esp32-002-web-mfvo4vj6-d52389 closed its connection.
1758583857: Client esp32-002-web-mfvo4vj6-d52389 closed its connection.
1758583859: Client esp32-002-web-mfvo4vj6-d52389 closed its connection.
1758583861: Client esp32-002-web-mfvo4vj6-d52389 closed its connection.
1758583864: Client esp32-002-web-mfvo4vj6-d52389 closed its connection.
1758583865: Client esp32-002-web-mfvo4vj6-d52389 closed its connection.
1758583867: Client esp32-002-web-mfvo4vj6-d52389 closed its connection.
1758583869: Client esp32-002-web-mfvo4vj6-d52389 closed its connection.
1758583871: Client esp32-002-web-mfvo4vj6-d52389 closed its connection.
1758583873: Client esp32-002-web-mfvo4vj6-d52389 closed its connection.
1758583875: Client esp32-002-web-mfvo4vj6-d52389 closed its connection.
1758583877: Client esp32-002-web-mfvo4vj6-d52389 closed its connection.
1758583879: Client esp32-002-web-mfvo4vj6-d52389 closed its connection.
1758583881: Client esp32-002-web-mfvo4vj6-d52389 closed its connection.
1758583883: Client esp32-002-web-mfvo4vj6-d52389 closed its connection.
1758583885: Client esp32-002-web-mfvo4vj6-d52389 closed its connection.
1758583887: Client esp32-002-web-mfvo4vj6-d52389 closed its connection.
1758583889: Client esp32-002-web-mfvo4vj6-d52389 closed its connection.
1758583891: Client esp32-002-web-mfvo4vj6-d52389 closed its connection.
1758583893: Client esp32-002-web-mfvo4vj6-d52389 closed its connection.
1758583895: Client esp32-002-web-mfvo4vj6-d52389 closed its connection.
1758583897: Client esp32-002-web-mfvo4vj6-d52389 closed its connection.
1758583899: Client esp32-002-web-mfvo4vj6-d52389 closed its connection.
1758583901: Client esp32-002-web-mfvo4vj6-d52389 closed its connection.
1758583903: Client esp32-002-web-mfvo4vj6-d52389 closed its connection.
1758583905: Client esp32-002-web-mfvo4vj6-d52389 closed its connection.
1758583907: Client esp32-002-web-mfvo4vj6-d52389 closed its connection.
1758583909: Client esp32-002-web-mfvo4vj6-d52389 closed its connection.
1758583911: Client esp32-002-web-mfvo4vj6-d52389 closed its connection.
1758583913: Client esp32-002-web-mfvo4vj6-d52389 closed its connection.
1758583915: Client esp32-002-web-mfvo4vj6-d52389 closed its connection.
1758583917: Client esp32-002-web-mfvo4vj6-d52389 closed its connection.
1758583919: Client esp32-002-web-mfvo4vj6-d52389 closed its connection.
1758583921: Client esp32-002-web-mfvo4vj6-d52389 closed its connection.
1758583923: Client esp32-001-web-mfvnpy0a-57b61d closed its connection.
1758583923: Client esp32-002-web-mfvo4vj6-d52389 closed its connection.
1758583925: Client esp32-002-web-mfvo4vj6-d52389 closed its connection.
1758583927: Client esp32-002-web-mfvo4vj6-d52389 closed its connection.
1758583929: Client esp32-002-web-mfvo4vj6-d52389 closed its connection.
1758583931: Client esp32-002-web-mfvo4vj6-d52389 closed its connection.
1758583933: Client esp32-002-web-mfvo4vj6-d52389 closed its connection.
1758583935: Client esp32-002-web-mfvo4vj6-d52389 closed its connection.
1758583937: Client esp32-002-web-mfvo4vj6-d52389 closed its connection.
1758583939: Client esp32-002-web-mfvo4vj6-d52389 closed its connection.
1758583941: Client esp32-002-web-mfvo4vj6-d52389 closed its connection.
1758583943: Client esp32-002-web-mfvo4vj6-d52389 closed its connection.
1758583945: Client esp32-002-web-mfvo4vj6-d52389 closed its connection.
1758583947: Client esp32-002-web-mfvo4vj6-d52389 closed its connection.
1758583949: Client esp32-002-web-mfvo4vj6-d52389 closed its connection.
1758583951: Client esp32-002-web-mfvo4vj6-d52389 closed its connection.
1758583953: Client esp32-002-web-mfvo4vj6-d52389 closed its connection.
1758583955: Client esp32-002-web-mfvo4vj6-d52389 closed its connection.
1758583957: Client esp32-002-web-mfvo4vj6-d52389 closed its connection.
1758583959: Client esp32-002-web-mfvo4vj6-d52389 closed its connection.
1758583961: Client esp32-002-web-mfvo4vj6-d52389 closed its connection.
1758583963: Client esp32-002-web-mfvo4vj6-d52389 closed its connection.
1758583965: Client esp32-002-web-mfvo4vj6-d52389 closed its connection.
1758583967: Client esp32-002-web-mfvo4vj6-d52389 closed its connection.
1758583969: Client esp32-002-web-mfvo4vj6-d52389 closed its connection.
1758583971: Client esp32-002-web-mfvo4vj6-d52389 closed its connection.
1758583973: Client esp32-002-web-mfvo4vj6-d52389 closed its connection.
1758583975: Client esp32-002-web-mfvo4vj6-d52389 closed its connection.
1758583977: Client esp32-002-web-mfvo4vj6-d52389 closed its connection.
1758583979: Client esp32-002-web-mfvo4vj6-d52389 closed its connection.
1758583981: Client esp32-002-web-mfvo4vj6-d52389 closed its connection.
1758583984: Client esp32-002-web-mfvo4vj6-d52389 closed its connection.
1758583985: Client esp32-002-web-mfvo4vj6-d52389 closed its connection.
1758583987: Client esp32-002-web-mfvo4vj6-d52389 closed its connection.
1758583989: Client esp32-002-web-mfvo4vj6-d52389 closed its connection.
1758583991: Client esp32-002-web-mfvo4vj6-d52389 closed its connection.
1758583993: Client esp32-002-web-mfvo4vj6-d52389 closed its connection.
1758583995: Client esp32-002-web-mfvo4vj6-d52389 closed its connection.
1758583997: Client esp32-002-web-mfvo4vj6-d52389 closed its connection.
1758583999: Client esp32-002-web-mfvo4vj6-d52389 closed its connection.
1758584001: Client esp32-002-web-mfvo4vj6-d52389 closed its connection.
1758584003: Client esp32-002-web-mfvo4vj6-d52389 closed its connection.
1758584005: Client esp32-002-web-mfvo4vj6-d52389 closed its connection.
1758584007: Client esp32-002-web-mfvo4vj6-d52389 closed its connection.
1758584009: Client esp32-002-web-mfvo4vj6-d52389 closed its connection.
1758584011: Client esp32-002-web-mfvo4vj6-d52389 closed its connection.
1758584013: Client esp32-002-web-mfvo4vj6-d52389 closed its connection.
1758584015: Client esp32-002-web-mfvo4vj6-d52389 closed its connection.
1758584017: Client esp32-002-web-mfvo4vj6-d52389 closed its connection.
1758584019: Client esp32-002-web-mfvo4vj6-d52389 closed its connection.
1758584021: Client esp32-002-web-mfvo4vj6-d52389 closed its connection.
1758584023: Client esp32-002-web-mfvo4vj6-d52389 closed its connection.
1758584025: Client esp32-002-web-mfvo4vj6-d52389 closed its connection.
1758584027: Client esp32-002-web-mfvo4vj6-d52389 closed its connection.
1758584029: Client esp32-002-web-mfvo4vj6-d52389 closed its connection.
1758584031: Client esp32-002-web-mfvo4vj6-d52389 closed its connection.
1758584033: Client esp32-002-web-mfvo4vj6-d52389 closed its connection.
1758584035: Client esp32-002-web-mfvo4vj6-d52389 closed its connection.
1758584037: Client esp32-002-web-mfvo4vj6-d52389 closed its connection.
1758584039: Client esp32-002-web-mfvo4vj6-d52389 closed its connection.
1758584041: Client esp32-002-web-mfvo4vj6-d52389 closed its connection.
1758584043: Client esp32-001-web-mfvnpy0a-57b61d closed its connection.
1758584043: Client esp32-002-web-mfvo4vj6-d52389 closed its connection.
1758584045: Client esp32-002-web-mfvo4vj6-d52389 closed its connection.
1758584047: Client esp32-002-web-mfvo4vj6-d52389 closed its connection.
1758584049: Client esp32-002-web-mfvo4vj6-d52389 closed its connection.
1758584051: Client esp32-002-web-mfvo4vj6-d52389 closed its connection.
1758584053: Client esp32-002-web-mfvo4vj6-d52389 closed its connection.
1758584055: Client esp32-002-web-mfvo4vj6-d52389 closed its connection.
1758584057: Client esp32-002-web-mfvo4vj6-d52389 closed its connection.
1758584059: Client esp32-002-web-mfvo4vj6-d52389 closed its connection.
1758584061: Client esp32-002-web-mfvo4vj6-d52389 closed its connection.
1758584063: Client esp32-002-web-mfvo4vj6-d52389 closed its connection.
1758584065: Client esp32-002-web-mfvo4vj6-d52389 closed its connection.
1758584067: Client esp32-002-web-mfvo4vj6-d52389 closed its connection.
1758584069: Client esp32-002-web-mfvo4vj6-d52389 closed its connection.
1758584071: Client esp32-002-web-mfvo4vj6-d52389 closed its connection.
1758584073: Client esp32-002-web-mfvo4vj6-d52389 closed its connection.
1758584075: Client esp32-002-web-mfvo4vj6-d52389 closed its connection.
1758584077: Client esp32-002-web-mfvo4vj6-d52389 closed its connection.
1758584079: Client esp32-002-web-mfvo4vj6-d52389 closed its connection.
1758584081: Client esp32-002-web-mfvo4vj6-d52389 closed its connection.
1758584083: Client esp32-002-web-mfvo4vj6-d52389 closed its connection.
1758584085: Client esp32-002-web-mfvo4vj6-d52389 closed its connection.
1758584087: Client esp32-002-web-mfvo4vj6-d52389 closed its connection.
1758584089: Client esp32-002-web-mfvo4vj6-d52389 closed its connection.
1758584091: Client esp32-002-web-mfvo4vj6-d52389 closed its connection.
1758584093: Client esp32-002-web-mfvo4vj6-d52389 closed its connection.
1758584095: Client esp32-002-web-mfvo4vj6-d52389 closed its connection.
1758584097: Client esp32-002-web-mfvo4vj6-d52389 closed its connection.
1758584099: Client esp32-002-web-mfvo4vj6-d52389 closed its connection.
1758584101: Client esp32-002-web-mfvo4vj6-d52389 closed its connection.
1758584104: Client esp32-002-web-mfvo4vj6-d52389 closed its connection.
1758584105: mosquitto version 2.0.22 terminating
1758584105: Saving in-memory database to /mosquitto/data//mosquitto.db.
1758584105: Client <unknown> closed its connection.
1758584115: mosquitto version 2.0.22 starting
1758584115: Config loaded from /mosquitto/config/mosquitto.conf.
1758584115: Warning: File /mosquitto/config/passwd has world readable permissions. Future versions will refuse to load this file.
To fix this, use `chmod 0700 /mosquitto/config/passwd`.
1758584115: Opening ipv4 listen socket on port 1883.
1758584115: Opening websockets listen socket on port 9001.
1758584115: mosquitto version 2.0.22 running
1758584115: New client connected from 172.19.0.1:52416 as esp32-002-web-mfvo4vj6-d52389 (p2, c1, k60, u'aluno').
1758584283: New client connected from 172.19.0.1:50426 as esp32-001-web-mfvnpy0a-57b61d (p2, c1, k60, u'aluno').
1758584343: Client esp32-001-web-mfvnpy0a-57b61d closed its connection.
1758584403: New client connected from 172.19.0.1:33794 as esp32-001-web-mfvnpy0a-57b61d (p2, c1, k60, u'aluno').
1758584463: Client esp32-001-web-mfvnpy0a-57b61d closed its connection.
1758584523: New client connected from 172.19.0.1:49218 as esp32-001-web-mfvnpy0a-57b61d (p2, c1, k60, u'aluno').
1758584583: Client esp32-001-web-mfvnpy0a-57b61d closed its connection.
1758584643: New client connected from 172.19.0.1:44298 as esp32-001-web-mfvnpy0a-57b61d (p2, c1, k60, u'aluno').
1758584703: Client esp32-001-web-mfvnpy0a-57b61d closed its connection.
1758584763: New client connected from 172.19.0.1:42886 as esp32-001-web-mfvnpy0a-57b61d (p2, c1, k60, u'aluno').
1758584823: Client esp32-001-web-mfvnpy0a-57b61d closed its connection.
1758584883: New client connected from 172.19.0.1:38912 as esp32-001-web-mfvnpy0a-57b61d (p2, c1, k60, u'aluno').
1758584943: Client esp32-001-web-mfvnpy0a-57b61d closed its connection.
1758585003: New client connected from 172.19.0.1:59744 as esp32-001-web-mfvnpy0a-57b61d (p2, c1, k60, u'aluno').
1758585063: Client esp32-001-web-mfvnpy0a-57b61d closed its connection.
1758585123: New client connected from 172.19.0.1:49124 as esp32-001-web-mfvnpy0a-57b61d (p2, c1, k60, u'aluno').
1758585183: Client esp32-001-web-mfvnpy0a-57b61d closed its connection.
1758585243: New client connected from 172.19.0.1:40376 as esp32-001-web-mfvnpy0a-57b61d (p2, c1, k60, u'aluno').
1758585247: New connection from 172.19.0.4:54940 on port 1883.
1758585247: New client connected from 172.19.0.4:54940 as nodered437be92eeb906f08 (p2, c1, k60, u'aluno').
1758585303: Client esp32-001-web-mfvnpy0a-57b61d closed its connection.
1758585363: New client connected from 172.19.0.1:52980 as esp32-001-web-mfvnpy0a-57b61d (p2, c1, k60, u'aluno').
1758585423: Client esp32-001-web-mfvnpy0a-57b61d closed its connection.
1758585483: New client connected from 172.19.0.1:43688 as esp32-001-web-mfvnpy0a-57b61d (p2, c1, k60, u'aluno').
1758585543: Client esp32-001-web-mfvnpy0a-57b61d closed its connection.
1758585603: New client connected from 172.19.0.1:43116 as esp32-001-web-mfvnpy0a-57b61d (p2, c1, k60, u'aluno').
1758585644: Client esp32-001-web-mfvnpy0a-57b61d closed its connection.
1758585644: Client esp32-002-web-mfvo4vj6-d52389 closed its connection.
1758585650: Client nodered437be92eeb906f08 disconnected.
1758585650: New connection from 172.19.0.4:50670 on port 1883.
1758585650: New client connected from 172.19.0.4:50670 as nodered6517f2ec84d3a3bb (p2, c1, k60, u'aluno').
1758585700: New client connected from 172.19.0.1:38170 as pub-9a30c94798abc8 (p2, c1, k60, u'aluno').
1758585753: Client pub-9a30c94798abc8 closed its connection.
1758585756: New client connected from 172.19.0.1:37578 as pub-fdcafcc051c928 (p2, c1, k60, u'aluno').
1758585916: Saving in-memory database to /mosquitto/data//mosquitto.db.
1758586526: Client nodered6517f2ec84d3a3bb disconnected.
1758586526: New connection from 172.19.0.4:37534 on port 1883.
1758586526: New client connected from 172.19.0.4:37534 as noderedf0f8acfa752c5fae (p2, c1, k60, u'aluno').
1758587716: Saving in-memory database to /mosquitto/data//mosquitto.db.
1758587939: New client connected from 172.19.0.1:58092 as esp32-001-web-mfvtuq2m-05c8a7 (p2, c1, k60, u'aluno').
1758588221: New client connected from 172.19.0.1:51452 as sub-2bfd100c5163a8 (p2, c1, k60, u'aluno').
1758588248: New client connected from 172.19.0.1:50304 as sub-192020b03c31c (p2, c1, k60, u'aluno').
1758588504: Client esp32-001-web-mfvtuq2m-05c8a7 closed its connection.
1758588550: Client pub-fdcafcc051c928 closed its connection.
1758588574: Client noderedf0f8acfa752c5fae disconnected.
1758588575: mosquitto version 2.0.22 terminating
1758588575: Saving in-memory database to /mosquitto/data//mosquitto.db.
1758588575: Client sub-192020b03c31c closed its connection.
1758588575: Client sub-2bfd100c5163a8 closed its connection.
